Onroad_plus3/app/build/intermediates/manifest_merge_blame_file/debug/manifest-merger-blame-debug-report.txt
1<?xml version="1.0" encoding="utf-8"?>
2<manifest xmlns:android="http://schemas.android.com/apk/res/android"
3    package="com.newlandapps.onroad"
4    android:versionCode="12"
5    android:versionName="1.0.3" >
6
7    <uses-sdk
8        android:minSdkVersion="17"
8-->src\main\AndroidManifest.xml
9        android:targetSdkVersion="29" />
9-->src\main\AndroidManifest.xml
10
11    <uses-permission android:name="android.permission.INTERNET" />
11-->src\main\AndroidManifest.xml:5:5-67
11-->src\main\AndroidManifest.xml:5:22-64
12    <uses-permission android:name="android.permission.ACCESS_COARSE_LOCATION" />
12-->src\main\AndroidManifest.xml:6:5-81
12-->src\main\AndroidManifest.xml:6:22-78
13    <uses-permission android:name="android.permission.ACCESS_FINE_LOCATION" />
13-->src\main\AndroidManifest.xml:7:5-79
13-->src\main\AndroidManifest.xml:7:22-76
14    <uses-permission android:name="android.permission.WRITE_EXTERNAL_STORAGE" />
14-->src\main\AndroidManifest.xml:8:5-81
14-->src\main\AndroidManifest.xml:8:22-78
15    <uses-permission android:name="android.permission.WAKE_LOCK" />
15-->src\main\AndroidManifest.xml:9:5-68
15-->src\main\AndroidManifest.xml:9:22-65
16    <uses-permission android:name="android.permission.ACCESS_NETWORK_STATE" />
16-->src\main\AndroidManifest.xml:10:5-79
16-->src\main\AndroidManifest.xml:10:22-76
17    <uses-permission android:name="android.permission.READ_EXTERNAL_STORAGE" />
17-->src\main\AndroidManifest.xml:11:5-80
17-->src\main\AndroidManifest.xml:11:22-77
18
19    <uses-feature
19-->src\main\AndroidManifest.xml:13:5-15:35
20        android:glEsVersion="0x00020000"
20-->src\main\AndroidManifest.xml:14:9-41
21        android:required="true" />
21-->src\main\AndroidManifest.xml:15:9-32
22
23    <application
23-->src\main\AndroidManifest.xml:17:5-74:19
24        android:name="com.newlandapps.onroad.z_version2.realmOnRoad.BaseRealmApplication"
24-->src\main\AndroidManifest.xml:18:9-68
25        android:allowBackup="true"
25-->src\main\AndroidManifest.xml:19:9-35
26        android:appComponentFactory="androidx.core.app.CoreComponentFactory"
26-->[androidx.core:core:1.3.0-alpha01] AndroidManifest.xml:24:18-86
27        android:debuggable="true"
28        android:icon="@mipmap/logo_app"
28-->src\main\AndroidManifest.xml:20:9-40
29        android:label="@string/app_name"
29-->src\main\AndroidManifest.xml:21:9-41
30        android:largeHeap="true"
30-->src\main\AndroidManifest.xml:22:9-33
31        android:roundIcon="@mipmap/logo_app_round"
31-->src\main\AndroidManifest.xml:23:9-51
32        android:supportsRtl="true"
32-->src\main\AndroidManifest.xml:24:9-35
33        android:testOnly="true"
34        android:theme="@style/AppTheme"
34-->src\main\AndroidManifest.xml:25:9-40
35        android:usesCleartextTraffic="true" >
35-->src\main\AndroidManifest.xml:26:9-44
36        <activity android:name="com.newlandapps.onroad.z_version2.Containers.UnitTrackingContainer" />
36-->src\main\AndroidManifest.xml:27:9-90
36-->src\main\AndroidManifest.xml:27:19-78
37        <activity android:name="com.newlandapps.onroad.z_version2.Containers.CommandsContainerActivity" />
37-->src\main\AndroidManifest.xml:28:9-85
37-->src\main\AndroidManifest.xml:28:19-82
38        <activity android:name="com.newlandapps.onroad.z_version2.MenuFragments.UnitMap.UnitMapContainer" />
38-->src\main\AndroidManifest.xml:29:9-87
38-->src\main\AndroidManifest.xml:29:19-84
39        <activity android:name="com.newlandapps.onroad.z_version2.Containers.LoginContainer.view.LoginContainerActivity" />
39-->src\main\AndroidManifest.xml:30:9-102
39-->src\main\AndroidManifest.xml:30:19-99
40        <activity android:name="com.newlandapps.onroad.z_version2.Containers.MainMenuContainerActivity" />
40-->src\main\AndroidManifest.xml:31:9-85
40-->src\main\AndroidManifest.xml:31:19-82
41        <activity android:name="com.newlandapps.onroad.z_version2.activities.HelpContainerActivity" />
41-->src\main\AndroidManifest.xml:32:9-81
41-->src\main\AndroidManifest.xml:32:19-78
42
43        <uses-library
43-->src\main\AndroidManifest.xml:34:9-36:40
44            android:name="org.apache.http.legacy"
44-->src\main\AndroidManifest.xml:35:13-50
45            android:required="false" />
45-->src\main\AndroidManifest.xml:36:13-37
46
47        <activity
47-->src\main\AndroidManifest.xml:38:9-44:55
48            android:name="com.newlandapps.onroad.z_version2.activities.online.view.ActivityOnlineV2"
48-->src\main\AndroidManifest.xml:39:13-79
49            android:configChanges="keyboard|keyboardHidden|screenLayout|screenSize|orientation"
49-->src\main\AndroidManifest.xml:40:13-96
50            android:label="@string/title_activity_online_v2"
50-->src\main\AndroidManifest.xml:41:13-61
51            android:screenOrientation="portrait"
51-->src\main\AndroidManifest.xml:42:13-49
52            android:theme="@style/AppTheme.NoActionBar"
52-->src\main\AndroidManifest.xml:43:13-56
53            android:windowSoftInputMode="adjustPan" />
53-->src\main\AndroidManifest.xml:44:13-52
54        <activity android:name="com.newlandapps.onroad.z_version2.activities.login.view.ActivityLoginV2" />
54-->src\main\AndroidManifest.xml:45:9-86
54-->src\main\AndroidManifest.xml:45:19-83
55
56        <service android:name="org.eclipse.paho.android.service.MqttService" />
56-->src\main\AndroidManifest.xml:47:9-80
56-->src\main\AndroidManifest.xml:47:18-77
57
58        <provider
59            android:name="androidx.core.content.FileProvider"
59-->src\main\AndroidManifest.xml:50:13-62
60            android:authorities="com.newlandapps.onroad.provider"
60-->src\main\AndroidManifest.xml:51:13-60
61            android:exported="false"
61-->src\main\AndroidManifest.xml:52:13-37
62            android:grantUriPermissions="true" >
62-->src\main\AndroidManifest.xml:53:13-47
63            <meta-data
63-->src\main\AndroidManifest.xml:54:13-56:58
64                android:name="android.support.FILE_PROVIDER_PATHS"
64-->src\main\AndroidManifest.xml:55:17-67
65                android:resource="@xml/provider_paths" />
65-->src\main\AndroidManifest.xml:56:17-55
66        </provider>
67
68        <activity
68-->src\main\AndroidManifest.xml:59:9-67:20
69            android:name="com.newlandapps.onroad.z_version2.SplashScreenActivity"
69-->src\main\AndroidManifest.xml:60:13-60
70            android:screenOrientation="portrait" >
70-->src\main\AndroidManifest.xml:61:13-49
71            <intent-filter>
71-->src\main\AndroidManifest.xml:62:13-66:29
72                <action android:name="android.intent.action.MAIN" />
72-->src\main\AndroidManifest.xml:63:17-69
72-->src\main\AndroidManifest.xml:63:25-66
73
74                <category android:name="android.intent.category.LAUNCHER" />
74-->src\main\AndroidManifest.xml:65:17-77
74-->src\main\AndroidManifest.xml:65:27-74
75            </intent-filter>
76        </activity> <!-- Maps android Key -->
77        <meta-data
77-->src\main\AndroidManifest.xml:68:9-70:53
78            android:name="com.google.android.geo.API_KEY"
78-->src\main\AndroidManifest.xml:69:13-58
79            android:value="@string/keyGoogleMaps" />
79-->src\main\AndroidManifest.xml:70:13-50
80        <meta-data
80-->src\main\AndroidManifest.xml:71:9-73:72
81            android:name="io.fabric.ApiKey"
81-->src\main\AndroidManifest.xml:72:13-44
82            android:value="228c71e20e9a2033c1645adb08fa7906d58a9851" />
82-->src\main\AndroidManifest.xml:73:13-69
83
84        <activity
84-->[com.google.android.gms:play-services-base:15.0.1] AndroidManifest.xml:23:9-26:75
85            android:name="com.google.android.gms.common.api.GoogleApiActivity"
85-->[com.google.android.gms:play-services-base:15.0.1] AndroidManifest.xml:24:13-79
86            android:exported="false"
86-->[com.google.android.gms:play-services-base:15.0.1] AndroidManifest.xml:25:13-37
87            android:theme="@android:style/Theme.Translucent.NoTitleBar" />
87-->[com.google.android.gms:play-services-base:15.0.1] AndroidManifest.xml:26:13-72
88
89        <meta-data
89-->[com.google.android.gms:play-services-basement:15.0.1] AndroidManifest.xml:23:9-25:69
90            android:name="com.google.android.gms.version"
90-->[com.google.android.gms:play-services-basement:15.0.1] AndroidManifest.xml:24:13-58
91            android:value="@integer/google_play_services_version" />
91-->[com.google.android.gms:play-services-basement:15.0.1] AndroidManifest.xml:25:13-66
92
93        <provider
93-->[com.squareup.picasso:picasso:2.71828] AndroidManifest.xml:8:9-11:40
94            android:name="com.squareup.picasso.PicassoProvider"
94-->[com.squareup.picasso:picasso:2.71828] AndroidManifest.xml:9:13-64
95            android:authorities="com.newlandapps.onroad.com.squareup.picasso"
95-->[com.squareup.picasso:picasso:2.71828] AndroidManifest.xml:10:13-72
96            android:exported="false" />
96-->[com.squareup.picasso:picasso:2.71828] AndroidManifest.xml:11:13-37
97        <provider
97-->[com.crashlytics.sdk.android:crashlytics:2.9.8] AndroidManifest.xml:12:9-16:38
98            android:name="com.crashlytics.android.CrashlyticsInitProvider"
98-->[com.crashlytics.sdk.android:crashlytics:2.9.8] AndroidManifest.xml:13:13-75
99            android:authorities="com.newlandapps.onroad.crashlyticsinitprovider"
99-->[com.crashlytics.sdk.android:crashlytics:2.9.8] AndroidManifest.xml:14:13-75
100            android:exported="false"
100-->[com.crashlytics.sdk.android:crashlytics:2.9.8] AndroidManifest.xml:15:13-37
101            android:initOrder="90" />
101-->[com.crashlytics.sdk.android:crashlytics:2.9.8] AndroidManifest.xml:16:13-35
102        <provider
102-->[androidx.lifecycle:lifecycle-process:2.0.0] AndroidManifest.xml:23:9-27:43
103            android:name="androidx.lifecycle.ProcessLifecycleOwnerInitializer"
103-->[androidx.lifecycle:lifecycle-process:2.0.0] AndroidManifest.xml:24:13-79
104            android:authorities="com.newlandapps.onroad.lifecycle-process"
104-->[androidx.lifecycle:lifecycle-process:2.0.0] AndroidManifest.xml:25:13-69
105            android:exported="false"
105-->[androidx.lifecycle:lifecycle-process:2.0.0] AndroidManifest.xml:26:13-37
106            android:multiprocess="true" />
106-->[androidx.lifecycle:lifecycle-process:2.0.0] AndroidManifest.xml:27:13-40
107    </application>
108
109</manifest>